<?xml version="1.0" encoding="UTF-8"?>
<!-- Generated by org.testng.reporters.JUnitReportReporter -->
<testsuite hostname="PradeepT-MacMini.local" name="com.logging.sample.LoggingInAutomation.LoggingClass" tests="1" failures="0" timestamp="11 May 2017 07:36:07 GMT" time="0.034" errors="0">
  <testcase name="start" time="0.034" classname="com.logging.sample.LoggingInAutomation.LoggingClass"/>
</testsuite> <!-- com.logging.sample.LoggingInAutomation.LoggingClass -->
